<?xml version="1.0" encoding="UTF-8"?>
<testsuite name="com.apiautomation.UserCreationAPITest" tests="2" skipped="0" failures="0" errors="0" timestamp="2022-06-08T11:36:10" hostname="K-RAHAT-L1" time="5.615">
  <properties/>
  <testcase name="test_1_userCreationValidateWithStatusCode" classname="com.apiautomation.UserCreationAPITest" time="3.803"/>
  <testcase name="test_2_userCreationValidateWithResponseData" classname="com.apiautomation.UserCreationAPITest" time="1.812"/>
  <system-out><![CDATA[##############################################################################################################
Log of test_1_userCreationValidateWithStatusCode
Request Data: {"name":"aBcd","job":"QA"}
HTTP/1.1 201 Created
Date: Wed, 08 Jun 2022 11:36:14 GMT
Content-Type: application/json; charset=utf-8
Content-Length: 76
Connection: keep-alive
X-Powered-By: Express
Access-Control-Allow-Origin: *
Etag: W/"4c-HY3tldCqSnZ11QihzovrWaCoRnY"
Via: 1.1 vegur
CF-Cache-Status: DYNAMIC
Expect-CT: max-age=604800, report-uri="https://report-uri.cloudflare.com/cdn-cgi/beacon/expect-ct"
Report-To: {"endpoints":[{"url":"https:\/\/a.nel.cloudflare.com\/report\/v3?s=pMdTp5ZKX1sk%2Fp66IiGHOsfZeOYMqcZ9LCWIdhZVQRk2NWO9VTRKLXDgsmB59APWZHAiV2E6Hn2kB8Ri3C1jxloWmzpM4i%2BYtVF3A8kAayK9K1rlZJ5%2BrSqiXu0%3D"}],"group":"cf-nel","max_age":604800}
NEL: {"success_fraction":0,"report_to":"cf-nel","max_age":604800}
Server: cloudflare
CF-RAY: 7181541e7f55497b-SIN
alt-svc: h3=":443"; ma=86400, h3-29=":443"; ma=86400

{
    "name": "aBcd",
    "job": "QA",
    "id": "529",
    "createdAt": "2022-06-08T11:36:14.122Z"
}
##############################################################################################################
Log of test_2_userCreationValidateWithResponseData
Request Data: {"name":"aBcd","job":"QA"}
HTTP/1.1 201 Created
Date: Wed, 08 Jun 2022 11:36:15 GMT
Content-Type: application/json; charset=utf-8
Content-Length: 76
Connection: keep-alive
X-Powered-By: Express
Access-Control-Allow-Origin: *
Etag: W/"4c-o0EIBTSGfr7uCok0kSDz3NF8/hU"
Via: 1.1 vegur
CF-Cache-Status: DYNAMIC
Expect-CT: max-age=604800, report-uri="https://report-uri.cloudflare.com/cdn-cgi/beacon/expect-ct"
Report-To: {"endpoints":[{"url":"https:\/\/a.nel.cloudflare.com\/report\/v3?s=NjZ2rT9SxqMfDJ9Kg38gUX3RgsWHLBZEEjzkgF5EDNyPFbQqwh%2B3Z2tCjvWMw%2FBGtq5tcChyaW96KDWBvR34J%2FQ51GfFCnDzEroEb9vDJaqSbkCQPU9wkjfjnXE%3D"}],"group":"cf-nel","max_age":604800}
NEL: {"success_fraction":0,"report_to":"cf-nel","max_age":604800}
Server: cloudflare
CF-RAY: 718154243d16473f-SIN
alt-svc: h3=":443"; ma=86400, h3-29=":443"; ma=86400

{
    "name": "aBcd",
    "job": "QA",
    "id": "121",
    "createdAt": "2022-06-08T11:36:15.050Z"
}
]]></system-out>
  <system-err><![CDATA[Cleaning up unclosed ZipFile for archive C:\Users\rahat.ahmad\Desktop\API Automation\.\data\ValidDataForReg.xlsx
Cleaning up unclosed ZipFile for archive C:\Users\rahat.ahmad\Desktop\API Automation\.\data\ValidDataForReg.xlsx
]]></system-err>
</testsuite>
